[2024-08-26 13:03:51,655: INFO: main: Welcome to our custome log]
[2024-08-26 19:11:06,427: INFO: main: Welcome to our custome log]
[2024-09-02 22:28:17,372: INFO: main: Welcome to our custome log]
[2024-09-04 11:57:14,458: INFO: main: >>>>>> stage Data Ingestion stage started <<<<<<]
[2024-09-04 11:57:14,460: INFO: common: yaml file: config\config.yaml loaded successfully]
[2024-09-04 11:57:14,461: INFO: common: yaml file: params.yaml loaded successfully]
[2024-09-04 11:57:14,461: INFO: common: created directory at: artifacts]
[2024-09-04 11:57:14,461: INFO: common: created directory at: artifacts/data_ingestion]
[2024-09-04 11:57:14,462: INFO: data_ingestion: Downloading data from https://drive.google.com/file/d/1733Cu8uB-_wIiwDACV-fCQiRngKAU3IQ/view?usp=sharing into file artifacts/data_ingestion/data.zip]
[2024-09-04 11:57:35,843: INFO: data_ingestion: Downloaded data from https://drive.google.com/file/d/1733Cu8uB-_wIiwDACV-fCQiRngKAU3IQ/view?usp=sharing into file artifacts/data_ingestion/data.zip]
[2024-09-04 11:57:36,463: INFO: main: >>>>>> stage Data Ingestion stage completed <<<<<<

x==========x]
[2024-09-04 19:59:42,038: INFO: common: yaml file: config\config.yaml loaded successfully]
[2024-09-04 19:59:42,040: INFO: common: yaml file: params.yaml loaded successfully]
[2024-09-04 19:59:42,041: INFO: common: created directory at: artifacts]
[2024-09-04 19:59:42,042: INFO: common: created directory at: artifacts/prepare_base_model]
[2024-09-04 20:02:08,934: INFO: common: yaml file: config\config.yaml loaded successfully]
[2024-09-04 20:02:08,935: INFO: common: yaml file: params.yaml loaded successfully]
[2024-09-04 20:02:08,936: INFO: common: created directory at: artifacts]
[2024-09-04 20:02:08,937: INFO: common: created directory at: artifacts/prepare_base_model]
[2024-09-04 20:02:15,057: INFO: common: yaml file: config\config.yaml loaded successfully]
[2024-09-04 20:02:15,059: INFO: common: yaml file: params.yaml loaded successfully]
[2024-09-04 20:02:15,059: INFO: common: created directory at: artifacts]
[2024-09-04 20:02:15,061: INFO: common: created directory at: artifacts/prepare_base_model]
[2024-09-04 20:04:28,044: INFO: common: yaml file: config\config.yaml loaded successfully]
[2024-09-04 20:04:28,047: INFO: common: yaml file: params.yaml loaded successfully]
[2024-09-04 20:04:28,048: INFO: common: created directory at: artifacts]
[2024-09-04 20:04:28,048: INFO: common: created directory at: artifacts/prepare_base_model]
[2024-09-04 20:04:30,722: INFO: common: yaml file: config\config.yaml loaded successfully]
[2024-09-04 20:04:30,726: INFO: common: yaml file: params.yaml loaded successfully]
[2024-09-04 20:04:30,727: INFO: common: created directory at: artifacts]
[2024-09-04 20:04:30,727: INFO: common: created directory at: artifacts/prepare_base_model]
[2024-09-04 20:21:15,853: INFO: common: yaml file: config\config.yaml loaded successfully]
[2024-09-04 20:21:15,854: INFO: common: yaml file: params.yaml loaded successfully]
[2024-09-04 20:21:15,855: INFO: common: created directory at: artifacts]
[2024-09-04 20:21:15,856: INFO: common: created directory at: artifacts/data_ingestion]
[2024-09-04 20:21:15,856: INFO: 986331348: Downloading data from https://drive.google.com/file/d/1733Cu8uB-_wIiwDACV-fCQiRngKAU3IQ/view?usp=sharing into file artifacts/data_ingestion/data.zip]
[2024-09-04 20:22:34,696: INFO: 986331348: Downloaded data from https://drive.google.com/file/d/1733Cu8uB-_wIiwDACV-fCQiRngKAU3IQ/view?usp=sharing into file artifacts/data_ingestion/data.zip]
[2024-09-04 22:47:50,125: INFO: common: yaml file: config\config.yaml loaded successfully]
[2024-09-04 22:47:50,133: INFO: common: yaml file: params.yaml loaded successfully]
[2024-09-04 22:47:50,137: INFO: common: created directory at: artifacts]
[2024-09-04 22:47:50,139: INFO: common: created directory at: artifacts/prepare_base_model]
[2024-09-04 22:48:36,624: WARNING: saving_api: You are saving your model as an HDF5 file via `model.save()` or `keras.saving.save_model(model)`. This file format is considered legacy. We recommend using instead the native Keras format, e.g. `model.save('my_model.keras')` or `keras.saving.save_model(model, 'my_model.keras')`. ]
[2024-09-04 22:48:36,960: WARNING: saving_api: You are saving your model as an HDF5 file via `model.save()` or `keras.saving.save_model(model)`. This file format is considered legacy. We recommend using instead the native Keras format, e.g. `model.save('my_model.keras')` or `keras.saving.save_model(model, 'my_model.keras')`. ]
[2024-09-04 23:08:14,378: INFO: main: >>>>>> stage Data Ingestion stage started <<<<<<]
[2024-09-04 23:08:14,382: INFO: common: yaml file: config\config.yaml loaded successfully]
[2024-09-04 23:08:14,385: INFO: common: yaml file: params.yaml loaded successfully]
[2024-09-04 23:08:14,387: INFO: common: created directory at: artifacts]
[2024-09-04 23:08:14,388: INFO: common: created directory at: artifacts/data_ingestion]
[2024-09-04 23:08:14,390: INFO: data_ingestion: Downloading data from https://drive.google.com/file/d/1733Cu8uB-_wIiwDACV-fCQiRngKAU3IQ/view?usp=sharing into file artifacts/data_ingestion/data.zip]
[2024-09-04 23:08:29,436: INFO: data_ingestion: Downloaded data from https://drive.google.com/file/d/1733Cu8uB-_wIiwDACV-fCQiRngKAU3IQ/view?usp=sharing into file artifacts/data_ingestion/data.zip]
[2024-09-04 23:08:30,861: INFO: main: >>>>>> stage Data Ingestion stage completed <<<<<<

x==========x]
[2024-09-04 23:10:45,976: INFO: main: >>>>>> stage Data Ingestion stage started <<<<<<]
[2024-09-04 23:10:45,979: INFO: common: yaml file: config\config.yaml loaded successfully]
[2024-09-04 23:10:45,982: INFO: common: yaml file: params.yaml loaded successfully]
[2024-09-04 23:10:45,983: INFO: common: created directory at: artifacts]
[2024-09-04 23:10:45,984: INFO: common: created directory at: artifacts/data_ingestion]
[2024-09-04 23:10:45,984: INFO: data_ingestion: Downloading data from https://drive.google.com/file/d/1733Cu8uB-_wIiwDACV-fCQiRngKAU3IQ/view?usp=sharing into file artifacts/data_ingestion/data.zip]
[2024-09-04 23:11:38,866: INFO: data_ingestion: Downloaded data from https://drive.google.com/file/d/1733Cu8uB-_wIiwDACV-fCQiRngKAU3IQ/view?usp=sharing into file artifacts/data_ingestion/data.zip]
[2024-09-04 23:11:40,136: INFO: main: >>>>>> stage Data Ingestion stage completed <<<<<<

x==========x]
[2024-09-04 23:11:40,137: INFO: main: *******************]
[2024-09-04 23:11:40,139: INFO: main: >>>>>> stage Prepare base model started <<<<<<]
[2024-09-04 23:11:40,142: INFO: common: yaml file: config\config.yaml loaded successfully]
[2024-09-04 23:11:40,144: INFO: common: yaml file: params.yaml loaded successfully]
[2024-09-04 23:11:40,146: INFO: common: created directory at: artifacts]
[2024-09-04 23:11:40,146: INFO: common: created directory at: artifacts/prepare_base_model]
[2024-09-04 23:11:41,155: WARNING: saving_api: You are saving your model as an HDF5 file via `model.save()` or `keras.saving.save_model(model)`. This file format is considered legacy. We recommend using instead the native Keras format, e.g. `model.save('my_model.keras')` or `keras.saving.save_model(model, 'my_model.keras')`. ]
[2024-09-04 23:11:42,545: WARNING: saving_api: You are saving your model as an HDF5 file via `model.save()` or `keras.saving.save_model(model)`. This file format is considered legacy. We recommend using instead the native Keras format, e.g. `model.save('my_model.keras')` or `keras.saving.save_model(model, 'my_model.keras')`. ]
[2024-09-04 23:11:42,920: INFO: main: >>>>>> stage Prepare base model completed <<<<<<

x==========x]
[2024-09-05 11:45:59,291: INFO: common: yaml file: config\config.yaml loaded successfully]
[2024-09-05 11:45:59,299: INFO: common: yaml file: params.yaml loaded successfully]
[2024-09-05 11:45:59,301: INFO: common: created directory at: artifacts]
[2024-09-05 11:45:59,305: INFO: common: created directory at: artifacts\training]
[2024-09-05 11:46:00,051: WARNING: saving_utils: Compiled the loaded model, but the compiled metrics have yet to be built. `model.compile_metrics` will be empty until you train or evaluate the model.]
[2024-09-05 11:50:16,347: INFO: common: yaml file: config\config.yaml loaded successfully]
[2024-09-05 11:50:16,356: INFO: common: yaml file: params.yaml loaded successfully]
[2024-09-05 11:50:16,359: INFO: common: created directory at: artifacts]
[2024-09-05 11:50:16,361: INFO: common: created directory at: artifacts\training]
[2024-09-05 11:50:16,775: WARNING: saving_utils: Compiled the loaded model, but the compiled metrics have yet to be built. `model.compile_metrics` will be empty until you train or evaluate the model.]
[2024-09-05 11:50:22,073: INFO: common: yaml file: config\config.yaml loaded successfully]
[2024-09-05 11:50:22,080: INFO: common: yaml file: params.yaml loaded successfully]
[2024-09-05 11:50:22,084: INFO: common: created directory at: artifacts]
[2024-09-05 11:50:22,087: INFO: common: created directory at: artifacts\training]
[2024-09-05 11:50:22,497: WARNING: saving_utils: Compiled the loaded model, but the compiled metrics have yet to be built. `model.compile_metrics` will be empty until you train or evaluate the model.]
[2024-09-05 11:57:47,294: INFO: common: yaml file: config\config.yaml loaded successfully]
[2024-09-05 11:57:47,298: INFO: common: yaml file: params.yaml loaded successfully]
[2024-09-05 11:57:47,301: INFO: common: created directory at: artifacts]
[2024-09-05 11:57:47,304: INFO: common: created directory at: artifacts\training]
[2024-09-05 11:57:47,718: WARNING: saving_utils: Compiled the loaded model, but the compiled metrics have yet to be built. `model.compile_metrics` will be empty until you train or evaluate the model.]
[2024-09-05 11:59:30,979: INFO: common: yaml file: config\config.yaml loaded successfully]
[2024-09-05 11:59:30,984: INFO: common: yaml file: params.yaml loaded successfully]
[2024-09-05 11:59:30,987: INFO: common: created directory at: artifacts]
[2024-09-05 11:59:30,989: INFO: common: created directory at: artifacts\training]
[2024-09-05 11:59:31,383: WARNING: saving_utils: Compiled the loaded model, but the compiled metrics have yet to be built. `model.compile_metrics` will be empty until you train or evaluate the model.]
[2024-09-05 12:00:45,301: INFO: common: yaml file: config\config.yaml loaded successfully]
[2024-09-05 12:00:45,307: INFO: common: yaml file: params.yaml loaded successfully]
[2024-09-05 12:00:45,309: INFO: common: created directory at: artifacts]
[2024-09-05 12:00:45,312: INFO: common: created directory at: artifacts\training]
[2024-09-05 12:00:45,886: WARNING: saving_utils: Compiled the loaded model, but the compiled metrics have yet to be built. `model.compile_metrics` will be empty until you train or evaluate the model.]
[2024-09-05 12:03:49,341: INFO: common: yaml file: config\config.yaml loaded successfully]
[2024-09-05 12:03:49,346: INFO: common: yaml file: params.yaml loaded successfully]
[2024-09-05 12:03:49,350: INFO: common: created directory at: artifacts]
[2024-09-05 12:03:49,353: INFO: common: created directory at: artifacts\training]
[2024-09-05 12:03:49,753: WARNING: saving_utils: Compiled the loaded model, but the compiled metrics have yet to be built. `model.compile_metrics` will be empty until you train or evaluate the model.]
[2024-09-05 12:04:59,307: INFO: common: yaml file: config\config.yaml loaded successfully]
[2024-09-05 12:04:59,311: INFO: common: yaml file: params.yaml loaded successfully]
[2024-09-05 12:04:59,312: INFO: common: created directory at: artifacts]
[2024-09-05 12:04:59,315: INFO: common: created directory at: artifacts\training]
[2024-09-05 12:04:59,815: WARNING: saving_utils: Compiled the loaded model, but the compiled metrics have yet to be built. `model.compile_metrics` will be empty until you train or evaluate the model.]
[2024-09-05 12:06:03,013: WARNING: saving_api: You are saving your model as an HDF5 file via `model.save()` or `keras.saving.save_model(model)`. This file format is considered legacy. We recommend using instead the native Keras format, e.g. `model.save('my_model.keras')` or `keras.saving.save_model(model, 'my_model.keras')`. ]
[2024-09-05 12:21:22,465: INFO: main: >>>>>> stage Data Ingestion stage started <<<<<<]
[2024-09-05 12:21:22,477: INFO: common: yaml file: config\config.yaml loaded successfully]
[2024-09-05 12:21:22,480: INFO: common: yaml file: params.yaml loaded successfully]
[2024-09-05 12:21:22,481: INFO: common: created directory at: artifacts]
[2024-09-05 12:21:22,483: INFO: common: created directory at: artifacts/data_ingestion]
[2024-09-05 12:21:22,484: INFO: data_ingestion: Downloading data from https://drive.google.com/file/d/1733Cu8uB-_wIiwDACV-fCQiRngKAU3IQ/view?usp=sharing into file artifacts/data_ingestion/data.zip]
[2024-09-05 12:21:42,627: INFO: data_ingestion: Downloaded data from https://drive.google.com/file/d/1733Cu8uB-_wIiwDACV-fCQiRngKAU3IQ/view?usp=sharing into file artifacts/data_ingestion/data.zip]
[2024-09-05 12:21:44,132: INFO: main: >>>>>> stage Data Ingestion stage completed <<<<<<

x==========x]
[2024-09-05 12:21:44,133: INFO: main: *******************]
[2024-09-05 12:21:44,134: INFO: main: >>>>>> stage Prepare base model started <<<<<<]
[2024-09-05 12:21:44,137: INFO: common: yaml file: config\config.yaml loaded successfully]
[2024-09-05 12:21:44,142: INFO: common: yaml file: params.yaml loaded successfully]
[2024-09-05 12:21:44,142: INFO: common: created directory at: artifacts]
[2024-09-05 12:21:44,143: INFO: common: created directory at: artifacts/prepare_base_model]
[2024-09-05 12:21:44,834: WARNING: saving_api: You are saving your model as an HDF5 file via `model.save()` or `keras.saving.save_model(model)`. This file format is considered legacy. We recommend using instead the native Keras format, e.g. `model.save('my_model.keras')` or `keras.saving.save_model(model, 'my_model.keras')`. ]
[2024-09-05 12:21:45,050: WARNING: saving_api: You are saving your model as an HDF5 file via `model.save()` or `keras.saving.save_model(model)`. This file format is considered legacy. We recommend using instead the native Keras format, e.g. `model.save('my_model.keras')` or `keras.saving.save_model(model, 'my_model.keras')`. ]
[2024-09-05 12:21:45,188: INFO: main: >>>>>> stage Prepare base model completed <<<<<<

x==========x]
[2024-09-05 12:23:03,334: INFO: main: >>>>>> stage Data Ingestion stage started <<<<<<]
[2024-09-05 12:23:03,337: INFO: common: yaml file: config\config.yaml loaded successfully]
[2024-09-05 12:23:03,340: INFO: common: yaml file: params.yaml loaded successfully]
[2024-09-05 12:23:03,342: INFO: common: created directory at: artifacts]
[2024-09-05 12:23:03,343: INFO: common: created directory at: artifacts/data_ingestion]
[2024-09-05 12:23:03,344: INFO: data_ingestion: Downloading data from https://drive.google.com/file/d/1733Cu8uB-_wIiwDACV-fCQiRngKAU3IQ/view?usp=sharing into file artifacts/data_ingestion/data.zip]
[2024-09-05 12:23:21,142: INFO: data_ingestion: Downloaded data from https://drive.google.com/file/d/1733Cu8uB-_wIiwDACV-fCQiRngKAU3IQ/view?usp=sharing into file artifacts/data_ingestion/data.zip]
[2024-09-05 12:23:22,442: INFO: main: >>>>>> stage Data Ingestion stage completed <<<<<<

x==========x]
[2024-09-05 12:23:22,443: INFO: main: *******************]
[2024-09-05 12:23:22,443: INFO: main: >>>>>> stage Prepare base model started <<<<<<]
[2024-09-05 12:23:22,448: INFO: common: yaml file: config\config.yaml loaded successfully]
[2024-09-05 12:23:22,450: INFO: common: yaml file: params.yaml loaded successfully]
[2024-09-05 12:23:22,451: INFO: common: created directory at: artifacts]
[2024-09-05 12:23:22,452: INFO: common: created directory at: artifacts/prepare_base_model]
[2024-09-05 12:23:23,018: WARNING: saving_api: You are saving your model as an HDF5 file via `model.save()` or `keras.saving.save_model(model)`. This file format is considered legacy. We recommend using instead the native Keras format, e.g. `model.save('my_model.keras')` or `keras.saving.save_model(model, 'my_model.keras')`. ]
[2024-09-05 12:23:23,255: WARNING: saving_api: You are saving your model as an HDF5 file via `model.save()` or `keras.saving.save_model(model)`. This file format is considered legacy. We recommend using instead the native Keras format, e.g. `model.save('my_model.keras')` or `keras.saving.save_model(model, 'my_model.keras')`. ]
[2024-09-05 12:23:23,418: INFO: main: >>>>>> stage Prepare base model completed <<<<<<

x==========x]
[2024-09-05 12:24:22,941: INFO: main: >>>>>> stage Data Ingestion stage started <<<<<<]
[2024-09-05 12:24:22,945: INFO: common: yaml file: config\config.yaml loaded successfully]
[2024-09-05 12:24:22,948: INFO: common: yaml file: params.yaml loaded successfully]
[2024-09-05 12:24:22,949: INFO: common: created directory at: artifacts]
[2024-09-05 12:24:22,950: INFO: common: created directory at: artifacts/data_ingestion]
[2024-09-05 12:24:22,951: INFO: data_ingestion: Downloading data from https://drive.google.com/file/d/1733Cu8uB-_wIiwDACV-fCQiRngKAU3IQ/view?usp=sharing into file artifacts/data_ingestion/data.zip]
[2024-09-05 12:24:41,364: INFO: data_ingestion: Downloaded data from https://drive.google.com/file/d/1733Cu8uB-_wIiwDACV-fCQiRngKAU3IQ/view?usp=sharing into file artifacts/data_ingestion/data.zip]
[2024-09-05 12:24:42,702: INFO: main: >>>>>> stage Data Ingestion stage completed <<<<<<

x==========x]
[2024-09-05 12:24:42,703: INFO: main: *******************]
[2024-09-05 12:24:42,705: INFO: main: >>>>>> stage Prepare base model started <<<<<<]
[2024-09-05 12:24:42,709: INFO: common: yaml file: config\config.yaml loaded successfully]
[2024-09-05 12:24:42,712: INFO: common: yaml file: params.yaml loaded successfully]
[2024-09-05 12:24:42,714: INFO: common: created directory at: artifacts]
[2024-09-05 12:24:42,715: INFO: common: created directory at: artifacts/prepare_base_model]
[2024-09-05 12:24:43,264: WARNING: saving_api: You are saving your model as an HDF5 file via `model.save()` or `keras.saving.save_model(model)`. This file format is considered legacy. We recommend using instead the native Keras format, e.g. `model.save('my_model.keras')` or `keras.saving.save_model(model, 'my_model.keras')`. ]
[2024-09-05 12:24:43,525: WARNING: saving_api: You are saving your model as an HDF5 file via `model.save()` or `keras.saving.save_model(model)`. This file format is considered legacy. We recommend using instead the native Keras format, e.g. `model.save('my_model.keras')` or `keras.saving.save_model(model, 'my_model.keras')`. ]
[2024-09-05 12:24:43,712: INFO: main: >>>>>> stage Prepare base model completed <<<<<<

x==========x]
[2024-09-05 12:27:07,158: INFO: stage_03_model_training: *******************]
[2024-09-05 12:27:07,160: INFO: stage_03_model_training: >>>>>> stage Training started <<<<<<]
[2024-09-05 12:27:07,162: INFO: common: yaml file: config\config.yaml loaded successfully]
[2024-09-05 12:27:07,166: INFO: common: yaml file: params.yaml loaded successfully]
[2024-09-05 12:27:07,166: INFO: common: created directory at: artifacts]
[2024-09-05 12:27:07,168: INFO: common: created directory at: artifacts\training]
[2024-09-05 12:27:07,621: WARNING: saving_utils: Compiled the loaded model, but the compiled metrics have yet to be built. `model.compile_metrics` will be empty until you train or evaluate the model.]
[2024-09-05 12:28:10,094: WARNING: saving_api: You are saving your model as an HDF5 file via `model.save()` or `keras.saving.save_model(model)`. This file format is considered legacy. We recommend using instead the native Keras format, e.g. `model.save('my_model.keras')` or `keras.saving.save_model(model, 'my_model.keras')`. ]
[2024-09-05 12:28:10,263: INFO: stage_03_model_training: >>>>>> stage Training completed <<<<<<

x==========x]
[2024-09-05 12:30:00,424: INFO: main: >>>>>> stage Data Ingestion stage started <<<<<<]
[2024-09-05 12:30:00,429: INFO: common: yaml file: config\config.yaml loaded successfully]
[2024-09-05 12:30:00,431: INFO: common: yaml file: params.yaml loaded successfully]
[2024-09-05 12:30:00,432: INFO: common: created directory at: artifacts]
[2024-09-05 12:30:00,433: INFO: common: created directory at: artifacts/data_ingestion]
[2024-09-05 12:30:00,435: INFO: data_ingestion: Downloading data from https://drive.google.com/file/d/1733Cu8uB-_wIiwDACV-fCQiRngKAU3IQ/view?usp=sharing into file artifacts/data_ingestion/data.zip]
[2024-09-05 12:31:25,281: INFO: data_ingestion: Downloaded data from https://drive.google.com/file/d/1733Cu8uB-_wIiwDACV-fCQiRngKAU3IQ/view?usp=sharing into file artifacts/data_ingestion/data.zip]
[2024-09-05 12:31:26,609: INFO: main: >>>>>> stage Data Ingestion stage completed <<<<<<

x==========x]
[2024-09-05 12:31:26,610: INFO: main: *******************]
[2024-09-05 12:31:26,610: INFO: main: >>>>>> stage Prepare base model started <<<<<<]
[2024-09-05 12:31:26,614: INFO: common: yaml file: config\config.yaml loaded successfully]
[2024-09-05 12:31:26,616: INFO: common: yaml file: params.yaml loaded successfully]
[2024-09-05 12:31:26,618: INFO: common: created directory at: artifacts]
[2024-09-05 12:31:26,619: INFO: common: created directory at: artifacts/prepare_base_model]
[2024-09-05 12:31:27,229: WARNING: saving_api: You are saving your model as an HDF5 file via `model.save()` or `keras.saving.save_model(model)`. This file format is considered legacy. We recommend using instead the native Keras format, e.g. `model.save('my_model.keras')` or `keras.saving.save_model(model, 'my_model.keras')`. ]
[2024-09-05 12:31:27,485: WARNING: saving_api: You are saving your model as an HDF5 file via `model.save()` or `keras.saving.save_model(model)`. This file format is considered legacy. We recommend using instead the native Keras format, e.g. `model.save('my_model.keras')` or `keras.saving.save_model(model, 'my_model.keras')`. ]
[2024-09-05 12:31:27,709: INFO: main: >>>>>> stage Prepare base model completed <<<<<<

x==========x]
[2024-09-05 12:31:27,711: INFO: main: *******************]
[2024-09-05 12:31:27,712: INFO: main: >>>>>> stage Training started <<<<<<]
[2024-09-05 12:31:27,715: INFO: common: yaml file: config\config.yaml loaded successfully]
[2024-09-05 12:31:27,717: INFO: common: yaml file: params.yaml loaded successfully]
[2024-09-05 12:31:27,718: INFO: common: created directory at: artifacts]
[2024-09-05 12:31:27,719: INFO: common: created directory at: artifacts\training]
[2024-09-05 12:31:28,014: WARNING: saving_utils: Compiled the loaded model, but the compiled metrics have yet to be built. `model.compile_metrics` will be empty until you train or evaluate the model.]
[2024-09-05 12:32:28,810: WARNING: saving_api: You are saving your model as an HDF5 file via `model.save()` or `keras.saving.save_model(model)`. This file format is considered legacy. We recommend using instead the native Keras format, e.g. `model.save('my_model.keras')` or `keras.saving.save_model(model, 'my_model.keras')`. ]
[2024-09-05 12:32:28,995: INFO: main: >>>>>> stage Training completed <<<<<<

x==========x]
